<?xml version="1.0" encoding="UTF-8"?>
<testng-results ignored="0" total="4" passed="2" failed="2" skipped="0">
  <reporter-output>
    <line>
      <![CDATA[Test Started !!!!]]>
    </line>
    <line>
      <![CDATA[Browser Open And Test will Be Start!!!!!]]>
    </line>
    <line>
      <![CDATA[Test Execute SuccusessFully!!!!!]]>
    </line>
    <line>
      <![CDATA[Browser Open And Test will Be Start!!!!!]]>
    </line>
    <line>
      <![CDATA[Test Execute SuccusessFully!!!!!]]>
    </line>
    <line>
      <![CDATA[Browser Open And Test will Be Start!!!!!]]>
    </line>
    <line>
      <![CDATA[Test falied due to :performTaskUser]]>
    </line>
    <line>
      <![CDATA[Browser Open And Test will Be Start!!!!!]]>
    </line>
    <line>
      <![CDATA[Test falied due to :validTestCase]]>
    </line>
  </reporter-output>
  <suite started-at="2023-06-14T21:09:29 IST" name="Suite" finished-at="2023-06-14T21:12:21 IST" duration-ms="171973">
    <groups>
    </groups>
    <test started-at="2023-06-14T21:09:29 IST" name="Test" finished-at="2023-06-14T21:12:21 IST" duration-ms="171973">
      <class name="testPackage.ValidLoginTestCase">
        <test-method is-config="true" signature="setUp()[pri:0, instance:testPackage.ValidLoginTestCase@3d680b5a]" started-at="2023-06-14T21:09:29 IST" name="setUp" finished-at="2023-06-14T21:09:35 IST" duration-ms="6071" status="PASS">
          <reporter-output>
          </reporter-output>
        </test-method> <!-- setUp -->
        <test-method signature="validTestCase()[pri:0, instance:testPackage.ValidLoginTestCase@3d680b5a]" started-at="2023-06-14T21:09:35 IST" name="validTestCase" finished-at="2023-06-14T21:10:07 IST" duration-ms="31265" status="PASS">
          <reporter-output>
            <line>
              <![CDATA[Browser Open And Test will Be Start!!!!!]]>
            </line>
            <line>
              <![CDATA[Test Execute SuccusessFully!!!!!]]>
            </line>
          </reporter-output>
        </test-method> <!-- validTestCase -->
        <test-method is-config="true" signature="tearDown()[pri:0, instance:testPackage.ValidLoginTestCase@3d680b5a]" started-at="2023-06-14T21:10:07 IST" name="tearDown" finished-at="2023-06-14T21:10:07 IST" duration-ms="758" status="PASS">
          <reporter-output>
          </reporter-output>
        </test-method> <!-- tearDown -->
      </class> <!-- testPackage.ValidLoginTestCase -->
      <class name="testPackage.PeformTaskTestCase">
        <test-method is-config="true" signature="setUp()[pri:0, instance:testPackage.PeformTaskTestCase@6ca8564a]" started-at="2023-06-14T21:10:44 IST" name="setUp" finished-at="2023-06-14T21:10:48 IST" duration-ms="4230" status="PASS">
          <reporter-output>
          </reporter-output>
        </test-method> <!-- setUp -->
        <test-method signature="performTaskUser()[pri:0, instance:testPackage.PeformTaskTestCase@6ca8564a]" started-at="2023-06-14T21:10:48 IST" name="performTaskUser" finished-at="2023-06-14T21:11:35 IST" duration-ms="46742" status="FAIL">
          <exception class="org.openqa.selenium.NoSuchElementException">
            <message>
              <![CDATA[no such element: Unable to locate element: {"method":"xpath","selector":"//a[text()='Enter Time-Track']"}
  (Session info: chrome=114.0.5735.111)
For documentation on this error, please visit: https://selenium.dev/exceptions/#no_such_element
Build info: version: '4.9.1', revision: 'eb2032df7f'
System info: os.name: 'Windows 10', os.arch: 'amd64', os.version: '10.0', java.version: '19.0.1'
Driver info: org.openqa.selenium.chrome.ChromeDriver
Command: [3909ead0f097aaff077756833a9cac30, findElement {using=xpath, value=//a[text()='Enter Time-Track']}]
Capabilities {acceptInsecureCerts: false, browserName: chrome, browserVersion: 114.0.5735.111, chrome: {chromedriverVersion: 113.0.5672.63 (0e1a4471d5ae..., userDataDir: C:\Users\MRVIJA~1\AppData\L...}, goog:chromeOptions: {debuggerAddress: localhost:65018}, networkConnectionEnabled: false, pageLoadStrategy: normal, platformName: windows, proxy: Proxy(), se:cdp: ws://localhost:65018/devtoo..., se:cdpVersion: 114.0.5735.111, setWindowRect: true, strictFileInteractability: false, timeouts: {implicit: 0, pageLoad: 300000, script: 30000}, unhandledPromptBehavior: dismiss and notify, webauthn:extension:credBlob: true, webauthn:extension:largeBlob: true, webauthn:extension:minPinLength: true, webauthn:extension:prf: true, webauthn:virtualAuthenticators: true}
Session ID: 3909ead0f097aaff077756833a9cac30]]>
            </message>
            <full-stacktrace>
              <![CDATA[org.openqa.selenium.NoSuchElementException: no such element: Unable to locate element: {"method":"xpath","selector":"//a[text()='Enter Time-Track']"}
  (Session info: chrome=114.0.5735.111)
For documentation on this error, please visit: https://selenium.dev/exceptions/#no_such_element
Build info: version: '4.9.1', revision: 'eb2032df7f'
System info: os.name: 'Windows 10', os.arch: 'amd64', os.version: '10.0', java.version: '19.0.1'
Driver info: org.openqa.selenium.chrome.ChromeDriver
Command: [3909ead0f097aaff077756833a9cac30, findElement {using=xpath, value=//a[text()='Enter Time-Track']}]
Capabilities {acceptInsecureCerts: false, browserName: chrome, browserVersion: 114.0.5735.111, chrome: {chromedriverVersion: 113.0.5672.63 (0e1a4471d5ae..., userDataDir: C:\Users\MRVIJA~1\AppData\L...}, goog:chromeOptions: {debuggerAddress: localhost:65018}, networkConnectionEnabled: false, pageLoadStrategy: normal, platformName: windows, proxy: Proxy(), se:cdp: ws://localhost:65018/devtoo..., se:cdpVersion: 114.0.5735.111, setWindowRect: true, strictFileInteractability: false, timeouts: {implicit: 0, pageLoad: 300000, script: 30000}, unhandledPromptBehavior: dismiss and notify, webauthn:extension:credBlob: true, webauthn:extension:largeBlob: true, webauthn:extension:minPinLength: true, webauthn:extension:prf: true, webauthn:virtualAuthenticators: true}
Session ID: 3909ead0f097aaff077756833a9cac30
at java.base/jdk.internal.reflect.DirectConstructorHandleAccessor.newInstance(DirectConstructorHandleAccessor.java:67)
at java.base/java.lang.reflect.Constructor.newInstanceWithCaller(Constructor.java:500)
at java.base/java.lang.reflect.Constructor.newInstance(Constructor.java:484)
at org.openqa.selenium.remote.codec.w3c.W3CHttpResponseCodec.createException(W3CHttpResponseCodec.java:200)
at org.openqa.selenium.remote.codec.w3c.W3CHttpResponseCodec.decode(W3CHttpResponseCodec.java:133)
at org.openqa.selenium.remote.codec.w3c.W3CHttpResponseCodec.decode(W3CHttpResponseCodec.java:53)
at org.openqa.selenium.remote.HttpCommandExecutor.execute(HttpCommandExecutor.java:193)
at org.openqa.selenium.remote.service.DriverCommandExecutor.invokeExecute(DriverCommandExecutor.java:183)
at org.openqa.selenium.remote.service.DriverCommandExecutor.execute(DriverCommandExecutor.java:158)
at org.openqa.selenium.remote.RemoteWebDriver.execute(RemoteWebDriver.java:543)
at org.openqa.selenium.remote.ElementLocation$ElementFinder$2.findElement(ElementLocation.java:162)
at org.openqa.selenium.remote.ElementLocation.findElement(ElementLocation.java:60)
at org.openqa.selenium.remote.RemoteWebDriver.findElement(RemoteWebDriver.java:352)
at org.openqa.selenium.remote.RemoteWebDriver.findElement(RemoteWebDriver.java:344)
at org.openqa.selenium.support.pagefactory.DefaultElementLocator.findElement(DefaultElementLocator.java:70)
at org.openqa.selenium.support.pagefactory.internal.LocatingElementHandler.invoke(LocatingElementHandler.java:39)
at jdk.proxy2/jdk.proxy2.$Proxy17.click(Unknown Source)
at pagePackage.PerformTask.performTask(PerformTask.java:73)
at testPackage.PeformTaskTestCase.performTaskUser(PeformTaskTestCase.java:27)
at java.base/jdk.internal.reflect.DirectMethodHandleAccessor.invoke(DirectMethodHandleAccessor.java:104)
at java.base/java.lang.reflect.Method.invoke(Method.java:578)
at org.testng.internal.MethodInvocationHelper.invokeMethod(MethodInvocationHelper.java:133)
at org.testng.internal.TestInvoker.invokeMethod(TestInvoker.java:598)
at org.testng.internal.TestInvoker.invokeTestMethod(TestInvoker.java:173)
at org.testng.internal.MethodRunner.runInSequence(MethodRunner.java:46)
at org.testng.internal.TestInvoker$MethodInvocationAgent.invoke(TestInvoker.java:824)
at org.testng.internal.TestInvoker.invokeTestMethods(TestInvoker.java:146)
at org.testng.internal.TestMethodWorker.invokeTestMethods(TestMethodWorker.java:146)
at org.testng.internal.TestMethodWorker.run(TestMethodWorker.java:128)
at java.base/java.util.ArrayList.forEach(ArrayList.java:1511)
at org.testng.TestRunner.privateRun(TestRunner.java:794)
at org.testng.TestRunner.run(TestRunner.java:596)
at org.testng.SuiteRunner.runTest(SuiteRunner.java:377)
at org.testng.SuiteRunner.runSequentially(SuiteRunner.java:371)
at org.testng.SuiteRunner.privateRun(SuiteRunner.java:332)
at org.testng.SuiteRunner.run(SuiteRunner.java:276)
at org.testng.SuiteRunnerWorker.runSuite(SuiteRunnerWorker.java:53)
at org.testng.SuiteRunnerWorker.run(SuiteRunnerWorker.java:96)
at org.testng.TestNG.runSuitesSequentially(TestNG.java:1212)
at org.testng.TestNG.runSuitesLocally(TestNG.java:1134)
at org.testng.TestNG.runSuites(TestNG.java:1063)
at org.testng.TestNG.run(TestNG.java:1031)
at org.testng.remote.AbstractRemoteTestNG.run(AbstractRemoteTestNG.java:115)
at org.testng.remote.RemoteTestNG.initAndRun(RemoteTestNG.java:251)
at org.testng.remote.RemoteTestNG.main(RemoteTestNG.java:77)
]]>
            </full-stacktrace>
          </exception> <!-- org.openqa.selenium.NoSuchElementException -->
          <reporter-output>
            <line>
              <![CDATA[Browser Open And Test will Be Start!!!!!]]>
            </line>
            <line>
              <![CDATA[Test falied due to :performTaskUser]]>
            </line>
          </reporter-output>
        </test-method> <!-- performTaskUser -->
        <test-method is-config="true" signature="tearDown()[pri:0, instance:testPackage.PeformTaskTestCase@6ca8564a]" started-at="2023-06-14T21:11:36 IST" name="tearDown" finished-at="2023-06-14T21:11:37 IST" duration-ms="881" status="PASS">
          <reporter-output>
          </reporter-output>
        </test-method> <!-- tearDown -->
      </class> <!-- testPackage.PeformTaskTestCase -->
      <class name="testPackage.ValidLoginTestCaseMGR">
        <test-method is-config="true" signature="setUp()[pri:0, instance:testPackage.ValidLoginTestCaseMGR@1817d444]" started-at="2023-06-14T21:10:07 IST" name="setUp" finished-at="2023-06-14T21:10:12 IST" duration-ms="4568" status="PASS">
          <reporter-output>
          </reporter-output>
        </test-method> <!-- setUp -->
        <test-method signature="validTestCase()[pri:0, instance:testPackage.ValidLoginTestCaseMGR@1817d444]" started-at="2023-06-14T21:10:12 IST" name="validTestCase" finished-at="2023-06-14T21:10:43 IST" duration-ms="31260" status="PASS">
          <reporter-output>
            <line>
              <![CDATA[Browser Open And Test will Be Start!!!!!]]>
            </line>
            <line>
              <![CDATA[Test Execute SuccusessFully!!!!!]]>
            </line>
          </reporter-output>
        </test-method> <!-- validTestCase -->
        <test-method is-config="true" signature="tearDown()[pri:0, instance:testPackage.ValidLoginTestCaseMGR@1817d444]" started-at="2023-06-14T21:10:43 IST" name="tearDown" finished-at="2023-06-14T21:10:44 IST" duration-ms="716" status="PASS">
          <reporter-output>
          </reporter-output>
        </test-method> <!-- tearDown -->
      </class> <!-- testPackage.ValidLoginTestCaseMGR -->
      <class name="testPackage.ArchiveProject">
        <test-method is-config="true" signature="setUp()[pri:0, instance:testPackage.ArchiveProject@50b472aa]" started-at="2023-06-14T21:11:37 IST" name="setUp" finished-at="2023-06-14T21:11:42 IST" duration-ms="5221" status="PASS">
          <reporter-output>
          </reporter-output>
        </test-method> <!-- setUp -->
        <test-method signature="validTestCase()[pri:0, instance:testPackage.ArchiveProject@50b472aa]" started-at="2023-06-14T21:11:42 IST" name="validTestCase" finished-at="2023-06-14T21:12:20 IST" duration-ms="38315" status="FAIL">
          <exception class="org.openqa.selenium.NoSuchElementException">
            <message>
              <![CDATA[Unable to find element with locator By.xpath: //input[@name='customers[44]']
For documentation on this error, please visit: https://selenium.dev/exceptions/#no_such_element
Build info: version: '4.9.1', revision: 'eb2032df7f'
System info: os.name: 'Windows 10', os.arch: 'amd64', os.version: '10.0', java.version: '19.0.1'
Driver info: driver.version: RemoteWebDriver]]>
            </message>
            <full-stacktrace>
              <![CDATA[org.openqa.selenium.NoSuchElementException: Unable to find element with locator By.xpath: //input[@name='customers[44]']
For documentation on this error, please visit: https://selenium.dev/exceptions/#no_such_element
Build info: version: '4.9.1', revision: 'eb2032df7f'
System info: os.name: 'Windows 10', os.arch: 'amd64', os.version: '10.0', java.version: '19.0.1'
Driver info: driver.version: RemoteWebDriver
at org.openqa.selenium.remote.ElementLocation$ElementFinder$2.findElement(ElementLocation.java:165)
at org.openqa.selenium.remote.ElementLocation.findElement(ElementLocation.java:60)
at org.openqa.selenium.remote.RemoteWebDriver.findElement(RemoteWebDriver.java:352)
at org.openqa.selenium.remote.RemoteWebDriver.findElement(RemoteWebDriver.java:344)
at org.openqa.selenium.support.pagefactory.DefaultElementLocator.findElement(DefaultElementLocator.java:70)
at org.openqa.selenium.support.pagefactory.internal.LocatingElementHandler.invoke(LocatingElementHandler.java:39)
at jdk.proxy2/jdk.proxy2.$Proxy17.click(Unknown Source)
at pagePackage.MGRCompletedTask.completeTaskMGRMethod(MGRCompletedTask.java:52)
at testPackage.ArchiveProject.validTestCase(ArchiveProject.java:31)
at java.base/jdk.internal.reflect.DirectMethodHandleAccessor.invoke(DirectMethodHandleAccessor.java:104)
at java.base/java.lang.reflect.Method.invoke(Method.java:578)
at org.testng.internal.MethodInvocationHelper.invokeMethod(MethodInvocationHelper.java:133)
at org.testng.internal.TestInvoker.invokeMethod(TestInvoker.java:598)
at org.testng.internal.TestInvoker.invokeTestMethod(TestInvoker.java:173)
at org.testng.internal.MethodRunner.runInSequence(MethodRunner.java:46)
at org.testng.internal.TestInvoker$MethodInvocationAgent.invoke(TestInvoker.java:824)
at org.testng.internal.TestInvoker.invokeTestMethods(TestInvoker.java:146)
at org.testng.internal.TestMethodWorker.invokeTestMethods(TestMethodWorker.java:146)
at org.testng.internal.TestMethodWorker.run(TestMethodWorker.java:128)
at java.base/java.util.ArrayList.forEach(ArrayList.java:1511)
at org.testng.TestRunner.privateRun(TestRunner.java:794)
at org.testng.TestRunner.run(TestRunner.java:596)
at org.testng.SuiteRunner.runTest(SuiteRunner.java:377)
at org.testng.SuiteRunner.runSequentially(SuiteRunner.java:371)
at org.testng.SuiteRunner.privateRun(SuiteRunner.java:332)
at org.testng.SuiteRunner.run(SuiteRunner.java:276)
at org.testng.SuiteRunnerWorker.runSuite(SuiteRunnerWorker.java:53)
at org.testng.SuiteRunnerWorker.run(SuiteRunnerWorker.java:96)
at org.testng.TestNG.runSuitesSequentially(TestNG.java:1212)
at org.testng.TestNG.runSuitesLocally(TestNG.java:1134)
at org.testng.TestNG.runSuites(TestNG.java:1063)
at org.testng.TestNG.run(TestNG.java:1031)
at org.testng.remote.AbstractRemoteTestNG.run(AbstractRemoteTestNG.java:115)
at org.testng.remote.RemoteTestNG.initAndRun(RemoteTestNG.java:251)
at org.testng.remote.RemoteTestNG.main(RemoteTestNG.java:77)
]]>
            </full-stacktrace>
          </exception> <!-- org.openqa.selenium.NoSuchElementException -->
          <reporter-output>
            <line>
              <![CDATA[Browser Open And Test will Be Start!!!!!]]>
            </line>
            <line>
              <![CDATA[Test falied due to :validTestCase]]>
            </line>
          </reporter-output>
        </test-method> <!-- validTestCase -->
        <test-method is-config="true" signature="tearDown()[pri:0, instance:testPackage.ArchiveProject@50b472aa]" started-at="2023-06-14T21:12:20 IST" name="tearDown" finished-at="2023-06-14T21:12:21 IST" duration-ms="968" status="PASS">
          <reporter-output>
          </reporter-output>
        </test-method> <!-- tearDown -->
      </class> <!-- testPackage.ArchiveProject -->
    </test> <!-- Test -->
  </suite> <!-- Suite -->
</testng-results>
