<?xml version="1.0" encoding="UTF-8"?>
<!-- Generated by org.testng.reporters.JUnitXMLReporter -->
<testsuite ignored="0" hostname="DESKTOP-4RV143A" failures="1" tests="1" name="FirefoxTest(failed)" time="0.028" errors="0" timestamp="2023-05-26T19:27:40 IST">
  <testcase classname="testNGExecution.SelectBrowser" name="method1" time="0.01">
    <failure type="java.lang.IllegalStateException" message="The driver executable must exist: C:\Users\Mr vijay patil\git\niranjanRepository\wcsm8seleniumproject\.\drivers\chromedriver.exe">
      <![CDATA[java.lang.IllegalStateException: The driver executable must exist: C:\Users\Mr vijay patil\git\niranjanRepository\wcsm8seleniumproject\.\drivers\chromedriver.exe
at org.openqa.selenium.internal.Require$FileStateChecker.isFile(Require.java:345)
at org.openqa.selenium.remote.service.DriverFinder.getPath(DriverFinder.java:39)
at org.openqa.selenium.chrome.ChromeDriver.generateExecutor(ChromeDriver.java:98)
at org.openqa.selenium.chrome.ChromeDriver.<init>(ChromeDriver.java:88)
at org.openqa.selenium.chrome.ChromeDriver.<init>(ChromeDriver.java:84)
at org.openqa.selenium.chrome.ChromeDriver.<init>(ChromeDriver.java:52)
at testNGExecution.SelectBrowser.method1(SelectBrowser.java:20)
at java.base/java.util.ArrayList.forEach(ArrayList.java:1511)
... Removed 25 stack frames]]>
    </failure>
  </testcase> <!-- method1 -->
</testsuite> <!-- FirefoxTest(failed) -->
